Login fail erick_ramirez@hotmail.es cdb27f01446d92a33cab4d1fbcb9e087
Login fail erick_ramirez@hotmail.es cdb27f01446d92a33cab4d1fbcb9e087
Login fail mfherrera@yahoo.com 802ba699ad1e7337538fd2f89c37db1e
Login fail umsi@umich.edu 1a52e17fa899cf40fb04cfc42e6352f1
Login fail mfherrera@yahoo.com 802ba699ad1e7337538fd2f89c37db1e
Login fail umsi@umich.edu 1a52e17fa899cf40fb04cfc42e6352f1
Login fail umsi@umich.edu 1a52e17fa899cf40fb04cfc42e6352f1
Login fail antonio.maldonado@coursera.com 8b4cadf12999a98a48cf0a20af3e75aa
Login fail antonio.maldonado@coursera.com 8b4cadf12999a98a48cf0a20af3e75aa
Login fail antonio.maldonado@coursera.com 8b4cadf12999a98a48cf0a20af3e75aa
Login fail antonio.maldonado@coursera.com 8b4cadf12999a98a48cf0a20af3e75aa
Login fail antonio.maldonado@coursera.com cfb90fe93820e3e290a4fd3992c95aa4
Login fail antonio.maldonado@coursera.com 6668c25098bdb70a3241f3fb80ce9df0
Login fail umsi@umich.edu 8ceb54c4ae8378aafda9a12adaa99cd7
Login fail umsi@umich.edu 8ceb54c4ae8378aafda9a12adaa99cd7
Login fail umsi@umich.edu 8ceb54c4ae8378aafda9a12adaa99cd7
Login fail mfherrera@yahoo.com 802ba699ad1e7337538fd2f89c37db1e
Login success umsi@umich.edu
Login fail umsi@umich.edu fc8e3ea5aef8b3cad3f0a9eb34b6f0aa
Login success umsi@umich.edu
Login success umsi@umich.edu
Login success umsi@umich.edu
Login success umsi@umich.edu
Login success umsi@umich.edu
Login success umsi@umich.edu
